2025-06-23 11:15:42,456:INFO:Predicted: (vertigo) Paroymsal  Positional Vertigo | Urgency: Low
2025-06-23 11:39:01,274:INFO:API started and ready to receive requests
2025-06-23 11:41:40,426:INFO:API started and ready to receive requests
2025-06-23 11:43:42,732:INFO:API started and ready to receive requests
2025-06-23 11:43:51,480:INFO:API started and ready to receive requests
2025-06-23 11:44:00,115:INFO:API started and ready to receive requests
2025-06-23 11:44:02,400:INFO:API started and ready to receive requests
2025-06-23 11:46:28,386:INFO:API started and ready to receive requests
2025-06-23 11:49:17,651:INFO:API started and ready to receive requests
2025-06-23 11:49:23,028:INFO:API started and ready to receive requests
2025-06-23 11:49:30,900:INFO:API started and ready to receive requests
2025-06-23 12:04:13,459:INFO:API started and ready to receive requests
2025-06-23 13:45:44,532:INFO:Predicted: Paralysis (brain hemorrhage) | Urgency: Low
2025-06-24 10:20:37,504:INFO:Predicted: (vertigo) Paroymsal  Positional Vertigo | Urgency: Low
2025-06-24 10:22:47,566:INFO:Predicted: GERD | Urgency: Low
2025-06-24 10:23:44,857:INFO:Predicted: GERD | Urgency: Low
2025-06-24 10:24:09,372:INFO:Predicted: GERD | Urgency: Low
2025-06-24 10:31:18,018:INFO:Predicted: Gastroenteritis | Urgency: Medium
2025-06-24 10:31:59,586:INFO:Predicted: GERD | Urgency: Low
2025-06-24 10:32:35,252:INFO:Predicted: GERD | Urgency: Low
2025-06-24 10:36:50,335:INFO:Predicted: Paralysis (brain hemorrhage) | Urgency: Low
2025-06-24 11:46:34,865:INFO:API started and ready to receive requests
2025-06-24 12:01:54,298:INFO:Predicted: Paralysis (brain hemorrhage) | Urgency: Low
2025-06-24 12:02:09,454:INFO:Predicted: Heart attack | Urgency: Low
2025-06-24 12:18:48,925:INFO:Predicted: Paralysis (brain hemorrhage) | Urgency: Low
2025-06-24 12:20:59,945:INFO:Predicted: (vertigo) Paroymsal  Positional Vertigo | Urgency: Medium
2025-06-24 12:21:58,153:INFO:Predicted: GERD | Urgency: Low
2025-06-24 12:44:28,660:INFO:Predicted: Paralysis (brain hemorrhage) | Urgency: Low
2025-06-24 12:44:50,856:INFO:Predicted: GERD | Urgency: Low
2025-06-24 12:47:41,084:INFO:Predicted: Heart attack | Urgency: Low
2025-06-24 12:49:18,745:INFO:Predicted: Paralysis (brain hemorrhage) | Urgency: Low
2025-06-24 13:13:00,631:INFO:Predicted: Paralysis (brain hemorrhage) | Urgency: Low
2025-06-24 13:15:45,298:INFO:Predicted: Paralysis (brain hemorrhage) | Urgency: Low
2025-06-24 15:20:18,436:INFO:Predicted: Paralysis (brain hemorrhage) | Urgency: Low
2025-06-24 15:20:35,629:INFO:Predicted: Heart attack | Urgency: Low
2025-06-24 16:15:11,199:INFO:API is shutting down
2025-06-24 16:15:39,358:INFO:API started and ready to receive requests
2025-06-24 16:19:04,694:INFO:Predicted: Paralysis (brain hemorrhage) | Urgency: Low
2025-06-24 16:19:19,250:INFO:Predicted: Paralysis (brain hemorrhage) | Urgency: Low
2025-06-24 16:19:32,855:INFO:Predicted: Paralysis (brain hemorrhage) | Urgency: Low
2025-06-24 16:19:43,864:INFO:Predicted: Heart attack | Urgency: Low
2025-06-24 16:20:20,429:INFO:Predicted: Heart attack | Urgency: Low
2025-06-24 16:20:27,269:INFO:Predicted: Paralysis (brain hemorrhage) | Urgency: Low
2025-06-24 17:00:13,962:INFO:Predicted: Paralysis (brain hemorrhage) | Urgency: Low
2025-06-24 22:49:23,827:INFO:API started and ready to receive requests
2025-06-24 23:30:24,697:INFO:Predicted: Paralysis (brain hemorrhage) | Urgency: Low
2025-06-24 23:31:45,408:INFO:Predicted: Paralysis (brain hemorrhage) | Urgency: Low
2025-06-24 23:31:55,685:INFO:Predicted: Paralysis (brain hemorrhage) | Urgency: Low
2025-06-24 23:32:05,673:INFO:Predicted: Heart attack | Urgency: Low
2025-06-25 12:55:29,057:INFO:API started and ready to receive requests
2025-06-25 13:23:11,634:INFO:Predicted: Paralysis (brain hemorrhage) | Urgency: Low
2025-06-25 13:23:48,058:INFO:Predicted: Heart attack | Urgency: Low
2025-06-25 13:24:07,680:INFO:Predicted: Paralysis (brain hemorrhage) | Urgency: Low
2025-06-25 13:28:23,009:INFO:Predicted: Heart attack | Urgency: Low
2025-06-25 13:28:42,221:INFO:Predicted: Paralysis (brain hemorrhage) | Urgency: Low
2025-06-25 17:16:25,818:INFO:API started and ready to receive requests
2025-06-25 17:38:41,572:INFO:API is shutting down
2025-06-25 17:40:57,808:INFO:API started and ready to receive requests
2025-06-25 17:45:47,995:INFO:API is shutting down
2025-06-25 17:46:06,266:INFO:API started and ready to receive requests
2025-06-25 18:20:05,932:INFO:Predicted: Bronchial Asthma | Urgency: Medium
2025-06-25 18:29:39,860:INFO:Predicted: Cervical spondylosis | Urgency: Low
2025-06-25 18:39:00,912:INFO:Predicted: Varicose veins | Urgency: Medium
2025-06-25 19:00:05,512:INFO:Predicted: GERD | Urgency: Low
2025-06-25 19:02:55,993:INFO:API is shutting down
2025-06-25 19:03:16,128:INFO:API started and ready to receive requests
2025-06-25 19:03:50,702:ERROR:Webhook error: y should be a 1d array, got an array of shape (1, 41) instead.
Traceback (most recent call last):
  File "/home/ulrichtech/Desktop/work/project/NovaCare/Practical-Part/novacare-app/Dataset/main.py", line 51, in webhook
    top_predictions, urgency_level = model_inference(matched_symptoms)
                                     ^^^^^^^^^^^^^^^^^^^^^^^^^^^^^^^^^
  File "/home/ulrichtech/Desktop/work/project/NovaCare/Practical-Part/novacare-app/Dataset/model_utils.py", line 27, in model_inference
    "disease": disease_encoder.inverse_transform([i])[0],
               ^^^^^^^^^^^^^^^^^^^^^^^^^^^^^^^^^^^^^^
  File "/home/ulrichtech/Desktop/work/project/NovaCare/Practical-Part/Dataset/.venv/lib/python3.12/site-packages/sklearn/preprocessing/_label.py", line 151, in inverse_transform
    y = column_or_1d(y, warn=True)
        ^^^^^^^^^^^^^^^^^^^^^^^^^^
  File "/home/ulrichtech/Desktop/work/project/NovaCare/Practical-Part/Dataset/.venv/lib/python3.12/site-packages/sklearn/utils/validation.py", line 1485, in column_or_1d
    raise ValueError(
ValueError: y should be a 1d array, got an array of shape (1, 41) instead.

2025-06-25 19:05:56,177:ERROR:Webhook error: y should be a 1d array, got an array of shape (1, 41) instead.
Traceback (most recent call last):
  File "/home/ulrichtech/Desktop/work/project/NovaCare/Practical-Part/novacare-app/Dataset/main.py", line 51, in webhook
    top_predictions, urgency_level = model_inference(matched_symptoms)
                                     ^^^^^^^^^^^^^^^^^^^^^^^^^^^^^^^^^
  File "/home/ulrichtech/Desktop/work/project/NovaCare/Practical-Part/novacare-app/Dataset/model_utils.py", line 27, in model_inference
    "disease": disease_encoder.inverse_transform([i])[0],
               ^^^^^^^^^^^^^^^^^^^^^^^^^^^^^^^^^^^^^^
  File "/home/ulrichtech/Desktop/work/project/NovaCare/Practical-Part/Dataset/.venv/lib/python3.12/site-packages/sklearn/preprocessing/_label.py", line 151, in inverse_transform
    y = column_or_1d(y, warn=True)
        ^^^^^^^^^^^^^^^^^^^^^^^^^^
  File "/home/ulrichtech/Desktop/work/project/NovaCare/Practical-Part/Dataset/.venv/lib/python3.12/site-packages/sklearn/utils/validation.py", line 1485, in column_or_1d
    raise ValueError(
ValueError: y should be a 1d array, got an array of shape (1, 41) instead.

2025-06-25 19:19:10,929:INFO:API is shutting down
2025-06-25 19:19:18,012:INFO:API started and ready to receive requests
2025-06-25 19:19:51,330:INFO:Top predictions: [{'disease': 'Paralysis (brain hemorrhage)', 'confidence': 0.32}, {'disease': 'Hypoglycemia', 'confidence': 0.14}, {'disease': 'Migraine', 'confidence': 0.1}] | Urgency: Low
2025-06-25 19:20:32,921:INFO:Top predictions: [{'disease': 'Paralysis (brain hemorrhage)', 'confidence': 0.36}, {'disease': 'Migraine', 'confidence': 0.12}, {'disease': '(vertigo) Paroymsal  Positional Vertigo', 'confidence': 0.1}] | Urgency: Low
2025-06-25 19:26:46,167:INFO:API is shutting down
